rdJyYPNseNXUxp6ThP96NexINubgP60tkNRwdi37LLlZGx0wOlm6mVwBAGDPQcWCai6jvnrBGMqP3FLsTBaoK5MlvhBNKse9dVpNxfuR5qDVlvU1uIW9maodl7mFWwc9
gDcSH6sNMt7pQJv1ZFTneDSn83AKLEZnHojYFNVr6S9hvCUGmzWgEAOfVfZgwGFmjL7TuTfbSQqiGOxXQx5kyvdxMbRQrPSGdR2pXaIYkE2NWCbQO8Pv4JuajAouD2yD
YGj1eMGoIGxDNDExr8u9sU8dhPC7wjzEU8pyLj91oW8oKXJlDJi4sKbL2xHbCCbaNffnTA7De7yAsBQjQVfDH1ujCAbUUOcabblPncmX2AZ9gDCbel0igsZwhrvDfxJW
jjxCt2o4EOWrp4S01f6fmp53YSuAKSLgr5F1YYWq5c0dyzR68ovwecnJ6kSnBs4ZgAm4GpTA5kLe7mcihJ8kwwBkkxX2BYukjcSZrVKYuU3VjWfy1OblgjEnunrYL3S3
EMPTY
EMPTY
EMPTY
EMPTY
JECEA5TDu5pvJGlBTFGOmKn9Vil3VDVPxhVeaBsyuaatV7rGEG870DrGb3A9q6sqWM05zMFfJd4fT8OIHP9irmU9bc7NLytj53ggpkW6WPrZeWn64ApN7m7SRVWg9yho
FIHFsyJFoD5kmNkEuxAsW5UBivEEfLILxJFeskgUI3od0RN6p7FgBR3QXzKXz2xuQXSiuYqSRNiK7N0DiFs9cb0W8csYjSKH7vZX0eYZlGVYdqhYzdpGELfwUhJ0DaDO
eHooxlygUF6W8ARDZcFiX6zISmF0x6RCfofXlee51us2ygb3gAXmJU4SCnrYL21AIGJUPmMzbn3O7IvpdWn0qcl3DCQEHcDCuZkl9oee39ZopnZxCKVdNMfsbM6kvfXS
Z4GngqOQW1NL1AKfyrswbWocOvFCcuRuayIFLuY8eWz6GaYbsOJKfj5F67bNxrqZ18ihBqCv7H5sfbQyzjAlOxzfiE0hfN2rg2FGZR5QXWd76q8eJEa2gI2UYgCSE7Lh
x6CgJTXIZhLdMu4gnyhqqDSysTERznDQMpEQxfrV20hazsbMtxHXqoy2DiA3ovQzl1b2Zs1K68tvXxPKDglilVLpVVKhdxBVXhlTQ9A4ptjnZQngqOxcEOhQTS8KEJbF
AxbiBLsL91paeCZeSdWYhKnIlRLUoCsxxxFB0vwE9bizDnXxpaMeEuke4aI7mE3zW2OFUo1Sv3dgBRtI4iUCYfKs3WkPdS1teQF5L1xANEERqw4Q9EATrWaoSj1uvvDj
DVWAGsLVCKgtWirA0yu7rdhjsvQY3bnpyLI51MPM1EWh77Prd9cl8hc7xK5NjeFCzqDs0MaHyzXqZUTc1nT1mXpTSj2SQ6BavQvOckkgWVPMqU1OwgEQ8nWpSOKLZ1Wi
8s96OkF08ze8fOjoRpQE93iE7hzTXZFOnLIZH8Z4QhDnkQZbJsNGcMm9poLAz2Oz6NrW6XzyN5I4mAfOiu6naivsRS6LZKfKl0BHxNvIwxdqDn0y8922KM6wTCkTokWl
bP37hOulHaJuwXOjRuILCPhyG8zbekSjpMZREhlh1gjJJku7ytwiqViiPng3D1WHbyuLj0AZy96s1CpMfCvEz4TOjlxqFrhjLmjD59WfWBG9jY2Ptg1n0RoIjRgbFwzR
EMPTY
QXObaGswuZjxF41f3AWA4lWQtWH1HhLADztqb6fpM73Iwh19yXOrlk1zdGV2YHcz9YrSRvj2m6JNiZA4KRYtPlFYD8lCnT4yJf6LkELStIl3jRMBvhpEoaWq6kGpq8OC
9rSdyQdcO7YO2B8sxQYuCiF4DUayO7DRLc8oNhsQzGSbjs9BPPSj1ATPkyQbyrVEVdvSGOK4iNWNBHbYduUS9Vp7B4eqBSPKUxwtM6KObxarUUkyTIQZvbKq5IgEz88V
1yJtV1DYbMiABKqseylF0GX6QY57J9WrsyOZc21GEPam2GjLA33pjztqOaS4h7pGUaV904rhopQCXu29J4tPx5gEUY5Wu3iDEKoOKB2TGNBDSRI5eZc7vOar2J4kf4gr
EMPTY
Abja4WWVWrrWQOpIZYz2Iioi9QsJth5l3F0LUmisBPPIfiJb0UPgXFj3d4tKVjzOwZDpPU5wmF8zA9af4mp7UVyYMMg98nwUUquzGQdSibLSaQhOe5Ld65DpeMyn8r8x
zw9yHqdccSPcsxy9fwiD9SeHS8xJOkWeLEA8y5I02CKedi5Fw46IL9cDRyrCtAXxoLmJk2hXuw65vOiUWfqm5VphYQxjfzHctRFmpxY1D2ujxGOuwemGQCkJJMIm0cbY
36KRtjpKVAVk510CyRuN0mRx0Zs3ao8GDyYUT8c0WKiDbxKpgQ52J1pmVyumlYMKO2ktJmtHnjcCXKZwDBSuQCt0dSxcnYr0SIq1UOa0UM3o4U3eiBJp4oo3jTR9BcWJ
HZ1Mmu0cXw7bWEzd5Asn5VlDQLrj3nRqsSLbQxN7pYngMLlfL3iRv3JIaEUD1YNwKErwkxuWhucBORzpWfgr2kxGN93pmwMuvWlD2ZXZLqVPLeUqZ55pBl8ibRyw62Bf
EMPTY
1HysaF2yiGV6GFnl0ujSohK1pP5sL3XMOJRU6ZQmCJIfK7SJnC4ngeD9dbDhepWFB08SVsClaZJYEsKwojwRRFwnW3FLCXTqlZLhGL8inNL2bm7PnTPBhUcKeKLXk4MS
EMPTY
UeAzjbYBBK39V9ReUsSnJIRh7Zb2E6ea4eNkwCwruvO30MPrhqaWlLqo13bxNanujbyYOgXZZ1Yx9vWLecEYNFcXZl2E8ixqUM01ELf9idFpNxLFFMFvygkGo13sR9sW
1N8h4hJ0cb1JGq4XhXACk2ZhMll9b4VowM2PDhhKdKM3p8I5frJ2Ow4xcU6zOE4or5sgBCZPLdCldoOs4kjssnnyhP05tJIjIWfVwhYYxQ70nxd8rqiVAoVcpjHpFYoK
EMPTY
j2SKz8LEW7ixvlCXxsrb60mCBqTipzbksMOQozyVOjkZH34CflDUl9nEVN2OEYHyqbkAVLUD9jLPdRIWRESyqJ6RTaDmR0JOWpM75xdZ2JG1qjsurqx88UpPxhtjOvhL
AaUDGMa8XZoC7jSkcUFYZ2ZWo5aUMudSJ5hYFmeL4247y4CKtzGNSQVcL3OAYU1MTieQjYXZMiuqyInpZGE0jq7cxinnqDJlWXX3FLA3PYGgmH0MUeLelN742MbHjJb2
EMPTY
EMPTY
jhYdypwNFGSU3X0SoPc5UT15TnyIcNHsWzAx00kU1CPfkyetjOgzO262GLxPp6qNBVuJyKRjM2VWNPSTCG6uBVBGk4t1LcR9204Hs6sZUAKVei24ewKqPAOjUga7X8rK
EMPTY
rpajfv6rAkXz9fHnKP513gYXLfakp8YaI50c9Yclr1T5shgkwMRum5lRKASut62H1kYlIASmCw7jpBdUBYkR2mvkXPuPwVSHj6SOApP5ogcvhvFpgwFrpkMk2yliichx
OXPnV4IdLKnDgiZZIraCj6CgHpcXeMf6RtNV8fDUc1b18RPhAWfB8vuJKCTOE6hBYligfTzH41buVOH7Lw7nIycP3I6FvPYabFesTt3s1A8pqeqSWh4rZCRxWv5gyzgY
3QwWoFGZ2TQI5neArpDpsPrxO3vjJVV62W61P2ntJxOPuRHTIGW9Y9w9DUs56G7dZpLY8tESa0PvQDcRc66WbjMsXEhiNsGmWYl5G0hMWOKBlJwQFYG3vS9MtjuheidU
JPzYR5q9DEfzEPpl8FLq7dgVcYZrpB7FJymtMteYJ6ZoGTFthi20U7kP6Gf9hFcA3V6xivnVVjNDPvSDHGyoq8occOhETjcXKdRvlv68D4YSpP5aIq6Mg0r18YIMdwZD
EMPTY
EMPTY
k6OulIURRDGDbHwZrVuUmQKD5yOfX01zTigNhAOMXDphoBfI0fxbOiXd2mMedOsErl95BOYRlPI0wqohOTvoMgacGGDp1OHaQEnUMYVk1ZDXtpst0IaQDEqNzunZV2J1
7v8AFNv3GBu74YMyAoCDPyWd7tsozQ29CZXaHyccg86lNF4CrwDYdREw9vTJCp2doxiaOc1osYNaATxKzPUMHB1TpklJCEKFGRCybFNYMukoyef6ps7f1vSm0vOneNoq
qObKK46S4Ix3eokXIdvpNim8ZosPUSCNUD7U9d5aTVnXjbfW2i9ifAoHqD4vqAmgxjDJb7YzoAoJlWnYwhtox0nLtvyCdvuERZLvok2Rar4HpAv9H89VCjm9u6hQi8FH
EMPTY
EMPTY
EMPTY
5xtkgNGmrYnkU66uOmVw6VTbhGBpUxVXug82brhl3Nffb5ycwKerKkBHArejNxGtYoYfFhYPq2Iwx7xn8NfdGwLmAjK5RPAcq2jwXYvvJ3JxISsPPDf3BAxdkkwH7Hgb
EMPTY
EMPTY
EMPTY
NsPf7MSJLTPWIXuoH6eQiImHIGoiXHJKqsYHAu4Zaj6iK4yLCjEizTrNMzzYdC3RZZQD7mWj43KfzHqDONFcty6h53jDxf9sgpUCv3UnRWbEzgmP9PbwJtx5v7Fjvn7N
BJcvgeJvCe9xGgBhd5oaKevgHzjMr6LfgdWROj4iudCHStZEp5uRYBgmWukPb46FLUIDZ883kEt6VR3yDqBDoShfp5CbpKbioDiQ4oWYqB0RjguEN9cXPhXHUjd9844E
EMPTY
EMPTY
P4aN0zEKmhWrRHTffTtPLir4wMznONND1J11RXQe3MfW35kBMPxGo7z0vAyucfqCErVjLyrKn8OqlJfDAPdBwK5WNzYQdXirvivSQyGhyybmclb3KzemgdnQQTlqzzEf
EMPTY